Using pre-set license
Built from '2020.3/staging' branch; Version is '2020.3.40f1 (ba48d4efcef1) revision 12208340'; Using compiler version '192528614'; Build Type 'Release'
OS: 'Windows 10  (10.0.19045) 64bit Professional' Language: 'en' Physical Memory: 16085 MB
BatchMode: 1, IsHumanControllingUs: 0, StartBugReporterOnCrash: 0, Is64bit: 1, IsPro: 0

COMMAND LINE ARGUMENTS:
C:\Program Files\Unity\Hub\Editor\2020.3.40f1\Editor\Unity.exe
-adb2
-batchMode
-noUpm
-name
AssetImportWorker0
-projectPath
C:/Users/l3cha/OneDrive/Documents/Unity/catbeegame
-logFile
Logs/AssetImportWorker0.log
-srvPort
51580
Successfully changed project path to: C:/Users/l3cha/OneDrive/Documents/Unity/catbeegame
C:/Users/l3cha/OneDrive/Documents/Unity/catbeegame
Using Asset Import Pipeline V2.
Refreshing native plugins compatible for Editor in 169.02 ms, found 3 plugins.
Preloading 0 native plugins for Editor in 0.00 ms.
Initialize engine version: 2020.3.40f1 (ba48d4efcef1)
[Subsystems] Discovering subsystems at path C:/Program Files/Unity/Hub/Editor/2020.3.40f1/Editor/Data/Resources/UnitySubsystems
[Subsystems] Discovering subsystems at path C:/Users/l3cha/OneDrive/Documents/Unity/catbeegame/Assets
GfxDevice: creating device client; threaded=0
Direct3D:
    Version:  Direct3D 11.0 [level 11.1]
    Renderer: Intel(R) UHD Graphics (ID=0x9a60)
    Vendor:   
    VRAM:     8042 MB
    Driver:   30.0.101.1340
Initialize mono
Mono path[0] = 'C:/Program Files/Unity/Hub/Editor/2020.3.40f1/Editor/Data/Managed'
Mono path[1] = 'C:/Program Files/Unity/Hub/Editor/2020.3.40f1/Editor/Data/MonoBleedingEdge/lib/mono/unityjit'
Mono config path = 'C:/Program Files/Unity/Hub/Editor/2020.3.40f1/Editor/Data/MonoBleedingEdge/etc'
Using monoOptions --debugger-agent=transport=dt_socket,embedding=1,server=y,suspend=n,address=127.0.0.1:56108
Begin MonoManager ReloadAssembly
Registering precompiled unity dll's ...
Register platform support module: C:/Program Files/Unity/Hub/Editor/2020.3.40f1/Editor/Data/PlaybackEngines/WindowsStandaloneSupport/UnityEditor.WindowsStandalone.Extensions.dll
Registered in 0.007774 seconds.
Native extension for WindowsStandalone target not found
Refreshing native plugins compatible for Editor in 181.75 ms, found 3 plugins.
Preloading 0 native plugins for Editor in 0.00 ms.
Mono: successfully reloaded assembly
- Completed reload, in  2.272 seconds
Domain Reload Profiling:
	ReloadAssembly (2272ms)
		BeginReloadAssembly (260ms)
			ExecutionOrderSort (0ms)
			DisableScriptedObjects (0ms)
			BackupInstance (0ms)
			ReleaseScriptingObjects (0ms)
			CreateAndSetChildDomain (3ms)
		EndReloadAssembly (1733ms)
			LoadAssemblies (252ms)
			RebuildTransferFunctionScriptingTraits (0ms)
			SetupTypeCache (548ms)
			ReleaseScriptCaches (0ms)
			RebuildScriptCaches (124ms)
			SetupLoadedEditorAssemblies (692ms)
				LogAssemblyErrors (0ms)
				InitializePlatformSupportModulesInManaged (13ms)
				SetLoadedEditorAssemblies (1ms)
				RefreshPlugins (182ms)
				BeforeProcessingInitializeOnLoad (67ms)
				ProcessInitializeOnLoadAttributes (317ms)
				ProcessInitializeOnLoadMethodAttributes (111ms)
				AfterProcessingInitializeOnLoad (0ms)
				EditorAssembliesLoaded (1ms)
			ExecutionOrderSort2 (0ms)
			AwakeInstancesAfterBackupRestoration (0ms)
Platform modules already initialized, skipping
Registering precompiled user dll's ...
Registered in 0.010518 seconds.
Begin MonoManager ReloadAssembly
Native extension for WindowsStandalone target not found
Refreshing native plugins compatible for Editor in 195.98 ms, found 3 plugins.
Preloading 0 native plugins for Editor in 0.00 ms.
Mono: successfully reloaded assembly
- Completed reload, in  4.229 seconds
Domain Reload Profiling:
	ReloadAssembly (4232ms)
		BeginReloadAssembly (546ms)
			ExecutionOrderSort (0ms)
			DisableScriptedObjects (16ms)
			BackupInstance (0ms)
			ReleaseScriptingObjects (0ms)
			CreateAndSetChildDomain (62ms)
		EndReloadAssembly (3437ms)
			LoadAssemblies (400ms)
			RebuildTransferFunctionScriptingTraits (0ms)
			SetupTypeCache (1036ms)
			ReleaseScriptCaches (1ms)
			RebuildScriptCaches (180ms)
			SetupLoadedEditorAssemblies (1400ms)
				LogAssemblyErrors (0ms)
				InitializePlatformSupportModulesInManaged (12ms)
				SetLoadedEditorAssemblies (1ms)
				RefreshPlugins (196ms)
				BeforeProcessingInitializeOnLoad (321ms)
				ProcessInitializeOnLoadAttributes (769ms)
				ProcessInitializeOnLoadMethodAttributes (74ms)
				AfterProcessingInitializeOnLoad (27ms)
				EditorAssembliesLoaded (1ms)
			ExecutionOrderSort2 (0ms)
			AwakeInstancesAfterBackupRestoration (9ms)
Platform modules already initialized, skipping
========================================================================
Worker process is ready to serve import requests
Launched and connected shader compiler UnityShaderCompiler.exe after 0.17 seconds
Refreshing native plugins compatible for Editor in 1.67 ms, found 3 plugins.
Preloading 0 native plugins for Editor in 0.00 ms.
Unloading 2227 Unused Serialized files (Serialized files now loaded: 0)
System memory in use before: 97.9 MB.
System memory in use after: 97.8 MB.

Unloading 31 unused Assets to reduce memory usage. Loaded Objects now: 2661.
Total: 9.464800 ms (FindLiveObjects: 0.317800 ms CreateObjectMapping: 0.175700 ms MarkObjects: 8.509600 ms  DeleteObjects: 0.458300 ms)

AssetImportParameters requested are different than current active one (requested -> active):
  custom:framework-win-MediaFoundation: 216162199b28c13a410421893ffa2e32 -> 
  custom:video-decoder-ogg-theora: a1e56fd34408186e4bbccfd4996cb3dc -> 
  custom:container-muxer-webm: aa71ff27fc2769a1b78a27578f13a17b -> 
  custom:container-demuxer-webm: 4f35f7cbe854078d1ac9338744f61a02 -> 
  custom:container-demuxer-ogg: 62fdf1f143b41e24485cea50d1cbac27 -> 
  custom:video-encoder-webm-vp8: eb34c28f22e8b96e1ab97ce403110664 -> 
  custom:video-decoder-webm-vp8: 9c59270c3fd7afecdb556c50c9e8de78 -> 
  custom:audio-decoder-ogg-vorbis: bf7c407c2cedff20999df2af8eb42d56 -> 
  custom:audio-encoder-webm-vorbis: bf7c407c2cedff20999df2af8eb42d56 -> 
========================================================================
Received Import Request.
  path: Assets/CatLadyBug house.png
  artifactKey: Guid(98f4bfe840207de4880efdc3c8a4f76e) Importer(815301076,1909f56bfc062723c751e8b465ee728b)
Start importing Assets/CatLadyBug house.png using Guid(98f4bfe840207de4880efdc3c8a4f76e) Importer(815301076,1909f56bfc062723c751e8b465ee728b)  -> (artifact id: 'b0edaa32e6773b64b3700b36e9bf2ba4') in 0.592791 seconds 
========================================================================
Received Import Request.
  Time since last request: 0.000896 seconds.
  path: Assets/CatAnt house.png
  artifactKey: Guid(2705424b6895c9440bb399a546c5cbc7) Importer(815301076,1909f56bfc062723c751e8b465ee728b)
Start importing Assets/CatAnt house.png using Guid(2705424b6895c9440bb399a546c5cbc7) Importer(815301076,1909f56bfc062723c751e8b465ee728b)  -> (artifact id: '1deef33c8ba831c819a161971b1527ce') in 0.044823 seconds 
========================================================================
Received Import Request.
  Time since last request: 0.000717 seconds.
  path: Assets/flowerPiece.png
  artifactKey: Guid(921322c4068be5840aaa0e0f6a512e29) Importer(815301076,1909f56bfc062723c751e8b465ee728b)
Start importing Assets/flowerPiece.png using Guid(921322c4068be5840aaa0e0f6a512e29) Importer(815301076,1909f56bfc062723c751e8b465ee728b)  -> (artifact id: '4a821f72e9a1222770fa3b4565735208') in 0.053138 seconds 
========================================================================
Received Import Request.
  Time since last request: 0.000731 seconds.
  path: Assets/Flower_Stem_3.png
  artifactKey: Guid(ee872d7dde931f745a2c2165ab9bb25d) Importer(815301076,1909f56bfc062723c751e8b465ee728b)
Start importing Assets/Flower_Stem_3.png using Guid(ee872d7dde931f745a2c2165ab9bb25d) Importer(815301076,1909f56bfc062723c751e8b465ee728b)  -> (artifact id: 'f55544a8a61de01f1532484d5d077b0c') in 0.044521 seconds 
========================================================================
Received Import Request.
  Time since last request: 0.000767 seconds.
  path: Assets/Flower_Top_3.png
  artifactKey: Guid(3388f5b7d9c297c43b4ede93a995fa02) Importer(815301076,1909f56bfc062723c751e8b465ee728b)
Start importing Assets/Flower_Top_3.png using Guid(3388f5b7d9c297c43b4ede93a995fa02) Importer(815301076,1909f56bfc062723c751e8b465ee728b)  -> (artifact id: 'a5e5c5c4c47168e8dfa3fde13dac60c8') in 0.045424 seconds 
========================================================================
Received Import Request.
  Time since last request: 0.000679 seconds.
  path: Assets/Flower_Stem_1.png
  artifactKey: Guid(f488d93d4902a6e43aaa4b1cb4220fa3) Importer(815301076,1909f56bfc062723c751e8b465ee728b)
Start importing Assets/Flower_Stem_1.png using Guid(f488d93d4902a6e43aaa4b1cb4220fa3) Importer(815301076,1909f56bfc062723c751e8b465ee728b)  -> (artifact id: 'c240745cc916a7417ad7844bebcd12f8') in 0.064764 seconds 
========================================================================
Received Import Request.
  Time since last request: 0.000864 seconds.
  path: Assets/Bus sign.png
  artifactKey: Guid(eb4468478c391d549a8620fd550600b4) Importer(815301076,1909f56bfc062723c751e8b465ee728b)
Start importing Assets/Bus sign.png using Guid(eb4468478c391d549a8620fd550600b4) Importer(815301076,1909f56bfc062723c751e8b465ee728b)  -> (artifact id: '7fd44b92ffefb27246a5960561f47c57') in 0.049877 seconds 
========================================================================
Received Import Request.
  Time since last request: 0.000799 seconds.
  path: Assets/Flower_Stem_2.png
  artifactKey: Guid(8847413f8bcf26a4a8316f15a0e76eef) Importer(815301076,1909f56bfc062723c751e8b465ee728b)
Start importing Assets/Flower_Stem_2.png using Guid(8847413f8bcf26a4a8316f15a0e76eef) Importer(815301076,1909f56bfc062723c751e8b465ee728b)  -> (artifact id: '3352e1abcfd5a3542abe59c38a649057') in 0.049211 seconds 
========================================================================
Received Import Request.
  Time since last request: 0.000849 seconds.
  path: Assets/Flower_Top_1.png
  artifactKey: Guid(65ee11b30d39b9742b76f42e00b17ad8) Importer(815301076,1909f56bfc062723c751e8b465ee728b)
Start importing Assets/Flower_Top_1.png using Guid(65ee11b30d39b9742b76f42e00b17ad8) Importer(815301076,1909f56bfc062723c751e8b465ee728b)  -> (artifact id: '4e2b76a385c87f2e48a1d6a98b64aa0d') in 0.054814 seconds 
========================================================================
Received Import Request.
  Time since last request: 0.000823 seconds.
  path: Assets/Bench.png
  artifactKey: Guid(b108f2b1534e5014cb0fc7fdda02e3b6) Importer(815301076,1909f56bfc062723c751e8b465ee728b)
Start importing Assets/Bench.png using Guid(b108f2b1534e5014cb0fc7fdda02e3b6) Importer(815301076,1909f56bfc062723c751e8b465ee728b)  -> (artifact id: '65abb09e1343e980476dd03c413cb241') in 0.052936 seconds 
========================================================================
Received Import Request.
  Time since last request: 0.000786 seconds.
  path: Assets/Flower_Top_2.png
  artifactKey: Guid(0f01c446014b3b043b90a93fc9ac170b) Importer(815301076,1909f56bfc062723c751e8b465ee728b)
Start importing Assets/Flower_Top_2.png using Guid(0f01c446014b3b043b90a93fc9ac170b) Importer(815301076,1909f56bfc062723c751e8b465ee728b)  -> (artifact id: '7b4cdfcc94dc3b1da3d0d8a4f605b7ed') in 0.048579 seconds 
========================================================================
Received Import Request.
  Time since last request: 55.396309 seconds.
  path: Assets/flowerPlatform.png
  artifactKey: Guid(40a878aa4b2ad8f4ca278958e7f83501) Importer(815301076,1909f56bfc062723c751e8b465ee728b)
Start importing Assets/flowerPlatform.png using Guid(40a878aa4b2ad8f4ca278958e7f83501) Importer(815301076,1909f56bfc062723c751e8b465ee728b)  -> (artifact id: 'c58c09eb6fbc2ca41b55d16945afd0a0') in 0.076508 seconds 
========================================================================
Received Import Request.
  Time since last request: 0.000841 seconds.
  path: Assets/Sign.png
  artifactKey: Guid(9cbef90cf4ecbd94ca8c46acc15b1389) Importer(815301076,1909f56bfc062723c751e8b465ee728b)
Start importing Assets/Sign.png using Guid(9cbef90cf4ecbd94ca8c46acc15b1389) Importer(815301076,1909f56bfc062723c751e8b465ee728b)  -> (artifact id: '920b505b0296946f60c810c8ed64074e') in 0.052799 seconds 
========================================================================
Received Import Request.
  Time since last request: 0.311422 seconds.
  path: Assets/Tall_stem_1.png
  artifactKey: Guid(3ce6e44d5d2d90542a428fbaba8e1bc8) Importer(815301076,1909f56bfc062723c751e8b465ee728b)
Start importing Assets/Tall_stem_1.png using Guid(3ce6e44d5d2d90542a428fbaba8e1bc8) Importer(815301076,1909f56bfc062723c751e8b465ee728b)  -> (artifact id: 'be682e7d2dd19b0aab0c3322c974a0c9') in 0.046030 seconds 
========================================================================
Received Import Request.
  Time since last request: 0.000683 seconds.
  path: Assets/Tall_stem_2.png
  artifactKey: Guid(2c87165617aec78489426d24b9256833) Importer(815301076,1909f56bfc062723c751e8b465ee728b)
Start importing Assets/Tall_stem_2.png using Guid(2c87165617aec78489426d24b9256833) Importer(815301076,1909f56bfc062723c751e8b465ee728b)  -> (artifact id: '29f5556cc3a8be241c79fccf65135fa7') in 0.045684 seconds 
========================================================================
Received Import Request.
  Time since last request: 0.000764 seconds.
  path: Assets/Tall_stem_3.png
  artifactKey: Guid(ae47702e925de034380fa20f118c98c1) Importer(815301076,1909f56bfc062723c751e8b465ee728b)
Start importing Assets/Tall_stem_3.png using Guid(ae47702e925de034380fa20f118c98c1) Importer(815301076,1909f56bfc062723c751e8b465ee728b)  -> (artifact id: '42df751e3cbbce4fa317c9b240e1dfda') in 0.043400 seconds 
========================================================================
Received Import Request.
  Time since last request: 0.000615 seconds.
  path: Assets/Tall_stem_4.png
  artifactKey: Guid(b275cce724944c34c8f77c954dd11e06) Importer(815301076,1909f56bfc062723c751e8b465ee728b)
Start importing Assets/Tall_stem_4.png using Guid(b275cce724944c34c8f77c954dd11e06) Importer(815301076,1909f56bfc062723c751e8b465ee728b)  -> (artifact id: '35b5e5e8c85de6548f1a75a945f931c0') in 0.035164 seconds 
========================================================================
Received Import Request.
  Time since last request: 7.119960 seconds.
  path: Assets/Art/Environment/Background.png
  artifactKey: Guid(5d48136cf2cd63844b43942d2409c8d0) Importer(815301076,1909f56bfc062723c751e8b465ee728b)
Start importing Assets/Art/Environment/Background.png using Guid(5d48136cf2cd63844b43942d2409c8d0) Importer(815301076,1909f56bfc062723c751e8b465ee728b)  -> (artifact id: '27c191bdb50e604e967e403a8820ee35') in 0.070008 seconds 
========================================================================
Received Import Request.
  Time since last request: 0.000504 seconds.
  path: Assets/Art/Environment/FlowerPuzzle.png
  artifactKey: Guid(74916f906ff7f60429197a4744a6f85b) Importer(815301076,1909f56bfc062723c751e8b465ee728b)
Start importing Assets/Art/Environment/FlowerPuzzle.png using Guid(74916f906ff7f60429197a4744a6f85b) Importer(815301076,1909f56bfc062723c751e8b465ee728b)  -> (artifact id: '68c36f8d6d5f6ac98ce44d75c55d08aa') in 0.059134 seconds 
========================================================================
Received Import Request.
  Time since last request: 0.000675 seconds.
  path: Assets/Art/Environment/blackGround.png
  artifactKey: Guid(215f799a73495284fab571e22c2de26e) Importer(815301076,1909f56bfc062723c751e8b465ee728b)
Start importing Assets/Art/Environment/blackGround.png using Guid(215f799a73495284fab571e22c2de26e) Importer(815301076,1909f56bfc062723c751e8b465ee728b)  -> (artifact id: '42e783f8be6cbf5339a0825b61ef6066') in 0.061287 seconds 
========================================================================
Received Import Request.
  Time since last request: 0.000915 seconds.
  path: Assets/Art/Environment
  artifactKey: Guid(d3fc0fb852a047f4b96910ca34a4310e) Importer(815301076,1909f56bfc062723c751e8b465ee728b)
Start importing Assets/Art/Environment using Guid(d3fc0fb852a047f4b96910ca34a4310e) Importer(815301076,1909f56bfc062723c751e8b465ee728b)  -> (artifact id: '6fd07acfbc4dd25c155a62479010516c') in 0.019792 seconds 
========================================================================
Received Import Request.
  Time since last request: 0.000486 seconds.
  path: Assets/Art/Environment/greenGround.png
  artifactKey: Guid(7d8ec9a919288a946b8955907e24a299) Importer(815301076,1909f56bfc062723c751e8b465ee728b)
Start importing Assets/Art/Environment/greenGround.png using Guid(7d8ec9a919288a946b8955907e24a299) Importer(815301076,1909f56bfc062723c751e8b465ee728b)  -> (artifact id: '12a0abf87bacc8c8909c52705dbe8db9') in 0.051654 seconds 
========================================================================
Received Import Request.
  Time since last request: 4.888507 seconds.
  path: Assets/Art
  artifactKey: Guid(5ed9445c9beb58b4e8c6348beede2f10) Importer(815301076,1909f56bfc062723c751e8b465ee728b)
Start importing Assets/Art using Guid(5ed9445c9beb58b4e8c6348beede2f10) Importer(815301076,1909f56bfc062723c751e8b465ee728b)  -> (artifact id: '562061832f8661b9d1e249dabdf2643c') in 0.022074 seconds 
========================================================================
Received Import Request.
  Time since last request: 2.489566 seconds.
  path: Assets/Art/Characters
  artifactKey: Guid(7bba5b4e610a3ab458e73deafe88a6e1) Importer(815301076,1909f56bfc062723c751e8b465ee728b)
Start importing Assets/Art/Characters using Guid(7bba5b4e610a3ab458e73deafe88a6e1) Importer(815301076,1909f56bfc062723c751e8b465ee728b)  -> (artifact id: '78c01e7fdce7f76e87a5f8016c019dad') in 0.024836 seconds 
========================================================================
Received Import Request.
  Time since last request: 29.549329 seconds.
  path: Assets/Prefabs/TestPlatform.prefab
  artifactKey: Guid(e5578a303e4d2294b80adfdeef389fbb) Importer(815301076,1909f56bfc062723c751e8b465ee728b)
Start importing Assets/Prefabs/TestPlatform.prefab using Guid(e5578a303e4d2294b80adfdeef389fbb) Importer(815301076,1909f56bfc062723c751e8b465ee728b)  -> (artifact id: 'ac8523fea68e49c605e272a554967ed6') in 0.146419 seconds 
========================================================================
Received Import Request.
  Time since last request: 82.270321 seconds.
  path: Assets/Prefabs/NPC.prefab
  artifactKey: Guid(64f58389bc08f0749a80e75794a927e1) Importer(815301076,1909f56bfc062723c751e8b465ee728b)
Start importing Assets/Prefabs/NPC.prefab using Guid(64f58389bc08f0749a80e75794a927e1) Importer(815301076,1909f56bfc062723c751e8b465ee728b)  -> (artifact id: 'c8282ce47ae8a75301a7edc0da310367') in 0.081651 seconds 
========================================================================
Received Import Request.
  Time since last request: 47.370293 seconds.
  path: Assets/Scripts/NPC.cs
  artifactKey: Guid(2c659afd0f411a14d8bfed5f950fe4d8) Importer(815301076,1909f56bfc062723c751e8b465ee728b)
Start importing Assets/Scripts/NPC.cs using Guid(2c659afd0f411a14d8bfed5f950fe4d8) Importer(815301076,1909f56bfc062723c751e8b465ee728b)  -> (artifact id: 'f2ef48a6b4df213276aa27548f49774b') in 0.035516 seconds 
========================================================================
Received Import Request.
  Time since last request: 95.563546 seconds.
  path: Assets/Scripts/FacePlayer.cs
  artifactKey: Guid(1ed16d93bb7156746b4be7115c020031) Importer(815301076,1909f56bfc062723c751e8b465ee728b)
Start importing Assets/Scripts/FacePlayer.cs using Guid(1ed16d93bb7156746b4be7115c020031) Importer(815301076,1909f56bfc062723c751e8b465ee728b)  -> (artifact id: 'a17dd5b6b4f94a602252ec6b2b9b5c69') in 0.017917 seconds 
========================================================================
Received Import Request.
  Time since last request: 189.821790 seconds.
  path: Assets/Scripts/PlayerMovement.cs
  artifactKey: Guid(146183616c14dba4388ac78fbdcb3535) Importer(815301076,1909f56bfc062723c751e8b465ee728b)
Start importing Assets/Scripts/PlayerMovement.cs using Guid(146183616c14dba4388ac78fbdcb3535) Importer(815301076,1909f56bfc062723c751e8b465ee728b)  -> (artifact id: 'c02679a9ec30d0dec0b2c40fe036cb96') in 0.020681 seconds 
========================================================================
Received Import Request.
  Time since last request: 10.688822 seconds.
  path: Assets/Scripts/PlayerMovement.cs
  artifactKey: Guid(146183616c14dba4388ac78fbdcb3535) Importer(815301076,1909f56bfc062723c751e8b465ee728b)
Start importing Assets/Scripts/PlayerMovement.cs using Guid(146183616c14dba4388ac78fbdcb3535) Importer(815301076,1909f56bfc062723c751e8b465ee728b)  -> (artifact id: 'a59768f8adf0e7f9a5a8caa25141985b') in 0.007397 seconds 
========================================================================
Received Prepare
Registering precompiled user dll's ...
Registered in 0.011625 seconds.
Begin MonoManager ReloadAssembly
Native extension for WindowsStandalone target not found
Refreshing native plugins compatible for Editor in 1.15 ms, found 3 plugins.
Preloading 0 native plugins for Editor in 0.00 ms.
Mono: successfully reloaded assembly
- Completed reload, in  3.786 seconds
Domain Reload Profiling:
	ReloadAssembly (3788ms)
		BeginReloadAssembly (410ms)
			ExecutionOrderSort (0ms)
			DisableScriptedObjects (19ms)
			BackupInstance (0ms)
			ReleaseScriptingObjects (0ms)
			CreateAndSetChildDomain (116ms)
		EndReloadAssembly (3128ms)
			LoadAssemblies (384ms)
			RebuildTransferFunctionScriptingTraits (0ms)
			SetupTypeCache (967ms)
			ReleaseScriptCaches (5ms)
			RebuildScriptCaches (189ms)
			SetupLoadedEditorAssemblies (1280ms)
				LogAssemblyErrors (0ms)
				InitializePlatformSupportModulesInManaged (10ms)
				SetLoadedEditorAssemblies (2ms)
				RefreshPlugins (1ms)
				BeforeProcessingInitializeOnLoad (364ms)
				ProcessInitializeOnLoadAttributes (809ms)
				ProcessInitializeOnLoadMethodAttributes (65ms)
				AfterProcessingInitializeOnLoad (28ms)
				EditorAssembliesLoaded (1ms)
			ExecutionOrderSort2 (0ms)
			AwakeInstancesAfterBackupRestoration (20ms)
Platform modules already initialized, skipping
Refreshing native plugins compatible for Editor in 1.31 ms, found 3 plugins.
Preloading 0 native plugins for Editor in 0.00 ms.
Unloading 2224 Unused Serialized files (Serialized files now loaded: 0)
System memory in use before: 101.1 MB.
System memory in use after: 101.1 MB.

Unloading 20 unused Assets to reduce memory usage. Loaded Objects now: 2709.
Total: 8.623100 ms (FindLiveObjects: 0.317500 ms CreateObjectMapping: 0.138000 ms MarkObjects: 7.743500 ms  DeleteObjects: 0.421400 ms)

AssetImportParameters requested are different than current active one (requested -> active):
  custom:framework-win-MediaFoundation: 216162199b28c13a410421893ffa2e32 -> 
  custom:video-decoder-ogg-theora: a1e56fd34408186e4bbccfd4996cb3dc -> 
  custom:container-muxer-webm: aa71ff27fc2769a1b78a27578f13a17b -> 
  custom:container-demuxer-webm: 4f35f7cbe854078d1ac9338744f61a02 -> 
  custom:container-demuxer-ogg: 62fdf1f143b41e24485cea50d1cbac27 -> 
  custom:video-encoder-webm-vp8: eb34c28f22e8b96e1ab97ce403110664 -> 
  custom:video-decoder-webm-vp8: 9c59270c3fd7afecdb556c50c9e8de78 -> 
  custom:audio-decoder-ogg-vorbis: bf7c407c2cedff20999df2af8eb42d56 -> 
  custom:audio-encoder-webm-vorbis: bf7c407c2cedff20999df2af8eb42d56 -> 
========================================================================
Received Prepare
Registering precompiled user dll's ...
Registered in 0.009330 seconds.
Begin MonoManager ReloadAssembly
Native extension for WindowsStandalone target not found
Refreshing native plugins compatible for Editor in 1.45 ms, found 3 plugins.
Preloading 0 native plugins for Editor in 0.00 ms.
Mono: successfully reloaded assembly
- Completed reload, in  3.686 seconds
Domain Reload Profiling:
	ReloadAssembly (3688ms)
		BeginReloadAssembly (400ms)
			ExecutionOrderSort (0ms)
			DisableScriptedObjects (19ms)
			BackupInstance (0ms)
			ReleaseScriptingObjects (0ms)
			CreateAndSetChildDomain (112ms)
		EndReloadAssembly (3034ms)
			LoadAssemblies (401ms)
			RebuildTransferFunctionScriptingTraits (0ms)
			SetupTypeCache (961ms)
			ReleaseScriptCaches (4ms)
			RebuildScriptCaches (160ms)
			SetupLoadedEditorAssemblies (1246ms)
				LogAssemblyErrors (0ms)
				InitializePlatformSupportModulesInManaged (18ms)
				SetLoadedEditorAssemblies (2ms)
				RefreshPlugins (2ms)
				BeforeProcessingInitializeOnLoad (374ms)
				ProcessInitializeOnLoadAttributes (772ms)
				ProcessInitializeOnLoadMethodAttributes (51ms)
				AfterProcessingInitializeOnLoad (27ms)
				EditorAssembliesLoaded (1ms)
			ExecutionOrderSort2 (0ms)
			AwakeInstancesAfterBackupRestoration (18ms)
Platform modules already initialized, skipping
Refreshing native plugins compatible for Editor in 1.48 ms, found 3 plugins.
Preloading 0 native plugins for Editor in 0.00 ms.
Unloading 2224 Unused Serialized files (Serialized files now loaded: 0)
System memory in use before: 101.3 MB.
System memory in use after: 101.2 MB.

Unloading 20 unused Assets to reduce memory usage. Loaded Objects now: 2712.
Total: 9.906500 ms (FindLiveObjects: 0.359800 ms CreateObjectMapping: 0.181300 ms MarkObjects: 8.753200 ms  DeleteObjects: 0.608000 ms)

AssetImportParameters requested are different than current active one (requested -> active):
  custom:framework-win-MediaFoundation: 216162199b28c13a410421893ffa2e32 -> 
  custom:video-decoder-ogg-theora: a1e56fd34408186e4bbccfd4996cb3dc -> 
  custom:container-muxer-webm: aa71ff27fc2769a1b78a27578f13a17b -> 
  custom:container-demuxer-webm: 4f35f7cbe854078d1ac9338744f61a02 -> 
  custom:container-demuxer-ogg: 62fdf1f143b41e24485cea50d1cbac27 -> 
  custom:video-encoder-webm-vp8: eb34c28f22e8b96e1ab97ce403110664 -> 
  custom:video-decoder-webm-vp8: 9c59270c3fd7afecdb556c50c9e8de78 -> 
  custom:audio-decoder-ogg-vorbis: bf7c407c2cedff20999df2af8eb42d56 -> 
  custom:audio-encoder-webm-vorbis: bf7c407c2cedff20999df2af8eb42d56 -> 
========================================================================
Received Import Request.
  Time since last request: 87.615428 seconds.
  path: Assets/Art/Characters/NPC/NPC.png
  artifactKey: Guid(5443506697bf45e4b88bcfcb411ee53e) Importer(815301076,1909f56bfc062723c751e8b465ee728b)
Start importing Assets/Art/Characters/NPC/NPC.png using Guid(5443506697bf45e4b88bcfcb411ee53e) Importer(815301076,1909f56bfc062723c751e8b465ee728b)  -> (artifact id: 'e23d9aeec1e29e859025621416a68897') in 0.168952 seconds 
========================================================================
Received Import Request.
  Time since last request: 25.251525 seconds.
  path: Assets/Art/UI/progressbar.png
  artifactKey: Guid(a1317cf4406a35b40a86183b471ca48e) Importer(815301076,1909f56bfc062723c751e8b465ee728b)
Start importing Assets/Art/UI/progressbar.png using Guid(a1317cf4406a35b40a86183b471ca48e) Importer(815301076,1909f56bfc062723c751e8b465ee728b)  -> (artifact id: 'b7918ac4d6a4306f64925546f91f80cb') in 0.061945 seconds 
========================================================================
Received Import Request.
  Time since last request: 4.427891 seconds.
  path: Assets/Art/UI/InteractPrompt.png
  artifactKey: Guid(398d8ecdbaf1eaa47907e5c1a8da5e8f) Importer(815301076,1909f56bfc062723c751e8b465ee728b)
Start importing Assets/Art/UI/InteractPrompt.png using Guid(398d8ecdbaf1eaa47907e5c1a8da5e8f) Importer(815301076,1909f56bfc062723c751e8b465ee728b)  -> (artifact id: 'b8e4b4baa04ce3968e85d5bb25f12315') in 0.050384 seconds 
========================================================================
Received Import Request.
  Time since last request: 8.155153 seconds.
  path: Assets/Art/UI/InteractPrompt.png
  artifactKey: Guid(398d8ecdbaf1eaa47907e5c1a8da5e8f) Importer(815301076,1909f56bfc062723c751e8b465ee728b)
Start importing Assets/Art/UI/InteractPrompt.png using Guid(398d8ecdbaf1eaa47907e5c1a8da5e8f) Importer(815301076,1909f56bfc062723c751e8b465ee728b)  -> (artifact id: 'f7f6de1a8d484fc668fbdff7f108b43e') in 0.022910 seconds 
========================================================================
Received Prepare
Registering precompiled user dll's ...
Registered in 0.014119 seconds.
Begin MonoManager ReloadAssembly
Native extension for WindowsStandalone target not found
Refreshing native plugins compatible for Editor in 1.35 ms, found 3 plugins.
Preloading 0 native plugins for Editor in 0.00 ms.
Mono: successfully reloaded assembly
- Completed reload, in  3.012 seconds
Domain Reload Profiling:
	ReloadAssembly (3013ms)
		BeginReloadAssembly (343ms)
			ExecutionOrderSort (0ms)
			DisableScriptedObjects (21ms)
			BackupInstance (0ms)
			ReleaseScriptingObjects (0ms)
			CreateAndSetChildDomain (97ms)
		EndReloadAssembly (2462ms)
			LoadAssemblies (325ms)
			RebuildTransferFunctionScriptingTraits (0ms)
			SetupTypeCache (887ms)
			ReleaseScriptCaches (3ms)
			RebuildScriptCaches (114ms)
			SetupLoadedEditorAssemblies (904ms)
				LogAssemblyErrors (0ms)
				InitializePlatformSupportModulesInManaged (14ms)
				SetLoadedEditorAssemblies (2ms)
				RefreshPlugins (2ms)
				BeforeProcessingInitializeOnLoad (233ms)
				ProcessInitializeOnLoadAttributes (590ms)
				ProcessInitializeOnLoadMethodAttributes (42ms)
				AfterProcessingInitializeOnLoad (20ms)
				EditorAssembliesLoaded (0ms)
			ExecutionOrderSort2 (0ms)
			AwakeInstancesAfterBackupRestoration (15ms)
Platform modules already initialized, skipping
Refreshing native plugins compatible for Editor in 1.16 ms, found 3 plugins.
Preloading 0 native plugins for Editor in 0.00 ms.
Unloading 2224 Unused Serialized files (Serialized files now loaded: 0)
System memory in use before: 101.3 MB.
System memory in use after: 101.4 MB.

Unloading 20 unused Assets to reduce memory usage. Loaded Objects now: 2721.
Total: 9.532900 ms (FindLiveObjects: 0.323100 ms CreateObjectMapping: 0.145000 ms MarkObjects: 8.731100 ms  DeleteObjects: 0.330000 ms)

AssetImportParameters requested are different than current active one (requested -> active):
  custom:framework-win-MediaFoundation: 216162199b28c13a410421893ffa2e32 -> 
  custom:video-decoder-ogg-theora: a1e56fd34408186e4bbccfd4996cb3dc -> 
  custom:container-muxer-webm: aa71ff27fc2769a1b78a27578f13a17b -> 
  custom:container-demuxer-webm: 4f35f7cbe854078d1ac9338744f61a02 -> 
  custom:container-demuxer-ogg: 62fdf1f143b41e24485cea50d1cbac27 -> 
  custom:video-encoder-webm-vp8: eb34c28f22e8b96e1ab97ce403110664 -> 
  custom:video-decoder-webm-vp8: 9c59270c3fd7afecdb556c50c9e8de78 -> 
  custom:audio-decoder-ogg-vorbis: bf7c407c2cedff20999df2af8eb42d56 -> 
  custom:audio-encoder-webm-vorbis: bf7c407c2cedff20999df2af8eb42d56 -> 
========================================================================
Received Prepare
Registering precompiled user dll's ...
Registered in 0.003101 seconds.
Begin MonoManager ReloadAssembly
Native extension for WindowsStandalone target not found
Refreshing native plugins compatible for Editor in 0.59 ms, found 3 plugins.
Preloading 0 native plugins for Editor in 0.00 ms.
Mono: successfully reloaded assembly
- Completed reload, in  1.538 seconds
Domain Reload Profiling:
	ReloadAssembly (1538ms)
		BeginReloadAssembly (145ms)
			ExecutionOrderSort (0ms)
			DisableScriptedObjects (6ms)
			BackupInstance (0ms)
			ReleaseScriptingObjects (0ms)
			CreateAndSetChildDomain (39ms)
		EndReloadAssembly (1290ms)
			LoadAssemblies (142ms)
			RebuildTransferFunctionScriptingTraits (0ms)
			SetupTypeCache (459ms)
			ReleaseScriptCaches (2ms)
			RebuildScriptCaches (80ms)
			SetupLoadedEditorAssemblies (454ms)
				LogAssemblyErrors (0ms)
				InitializePlatformSupportModulesInManaged (8ms)
				SetLoadedEditorAssemblies (1ms)
				RefreshPlugins (1ms)
				BeforeProcessingInitializeOnLoad (123ms)
				ProcessInitializeOnLoadAttributes (288ms)
				ProcessInitializeOnLoadMethodAttributes (22ms)
				AfterProcessingInitializeOnLoad (11ms)
				EditorAssembliesLoaded (0ms)
			ExecutionOrderSort2 (0ms)
			AwakeInstancesAfterBackupRestoration (7ms)
Platform modules already initialized, skipping
Refreshing native plugins compatible for Editor in 0.86 ms, found 3 plugins.
Preloading 0 native plugins for Editor in 0.00 ms.
Unloading 2224 Unused Serialized files (Serialized files now loaded: 0)
System memory in use before: 101.3 MB.
System memory in use after: 101.4 MB.

Unloading 20 unused Assets to reduce memory usage. Loaded Objects now: 2724.
Total: 7.022100 ms (FindLiveObjects: 0.334700 ms CreateObjectMapping: 0.175500 ms MarkObjects: 6.257400 ms  DeleteObjects: 0.251400 ms)

AssetImportParameters requested are different than current active one (requested -> active):
  custom:framework-win-MediaFoundation: 216162199b28c13a410421893ffa2e32 -> 
  custom:video-decoder-ogg-theora: a1e56fd34408186e4bbccfd4996cb3dc -> 
  custom:container-muxer-webm: aa71ff27fc2769a1b78a27578f13a17b -> 
  custom:container-demuxer-webm: 4f35f7cbe854078d1ac9338744f61a02 -> 
  custom:container-demuxer-ogg: 62fdf1f143b41e24485cea50d1cbac27 -> 
  custom:video-encoder-webm-vp8: eb34c28f22e8b96e1ab97ce403110664 -> 
  custom:video-decoder-webm-vp8: 9c59270c3fd7afecdb556c50c9e8de78 -> 
  custom:audio-decoder-ogg-vorbis: bf7c407c2cedff20999df2af8eb42d56 -> 
  custom:audio-encoder-webm-vorbis: bf7c407c2cedff20999df2af8eb42d56 -> 
========================================================================
Received Prepare
Registering precompiled user dll's ...
Registered in 0.003615 seconds.
Begin MonoManager ReloadAssembly
Native extension for WindowsStandalone target not found
Refreshing native plugins compatible for Editor in 0.99 ms, found 3 plugins.
Preloading 0 native plugins for Editor in 0.00 ms.
Mono: successfully reloaded assembly
- Completed reload, in  1.631 seconds
Domain Reload Profiling:
	ReloadAssembly (1632ms)
		BeginReloadAssembly (167ms)
			ExecutionOrderSort (0ms)
			DisableScriptedObjects (7ms)
			BackupInstance (0ms)
			ReleaseScriptingObjects (0ms)
			CreateAndSetChildDomain (50ms)
		EndReloadAssembly (1381ms)
			LoadAssemblies (161ms)
			RebuildTransferFunctionScriptingTraits (0ms)
			SetupTypeCache (451ms)
			ReleaseScriptCaches (2ms)
			RebuildScriptCaches (76ms)
			SetupLoadedEditorAssemblies (563ms)
				LogAssemblyErrors (0ms)
				InitializePlatformSupportModulesInManaged (10ms)
				SetLoadedEditorAssemblies (1ms)
				RefreshPlugins (1ms)
				BeforeProcessingInitializeOnLoad (165ms)
				ProcessInitializeOnLoadAttributes (347ms)
				ProcessInitializeOnLoadMethodAttributes (28ms)
				AfterProcessingInitializeOnLoad (10ms)
				EditorAssembliesLoaded (0ms)
			ExecutionOrderSort2 (0ms)
			AwakeInstancesAfterBackupRestoration (6ms)
Platform modules already initialized, skipping
Refreshing native plugins compatible for Editor in 0.63 ms, found 3 plugins.
Preloading 0 native plugins for Editor in 0.00 ms.
Unloading 2224 Unused Serialized files (Serialized files now loaded: 0)
System memory in use before: 101.2 MB.
System memory in use after: 101.3 MB.

Unloading 20 unused Assets to reduce memory usage. Loaded Objects now: 2727.
Total: 4.014100 ms (FindLiveObjects: 0.205600 ms CreateObjectMapping: 0.068100 ms MarkObjects: 3.542900 ms  DeleteObjects: 0.195900 ms)

AssetImportParameters requested are different than current active one (requested -> active):
  custom:framework-win-MediaFoundation: 216162199b28c13a410421893ffa2e32 -> 
  custom:video-decoder-ogg-theora: a1e56fd34408186e4bbccfd4996cb3dc -> 
  custom:container-muxer-webm: aa71ff27fc2769a1b78a27578f13a17b -> 
  custom:container-demuxer-webm: 4f35f7cbe854078d1ac9338744f61a02 -> 
  custom:container-demuxer-ogg: 62fdf1f143b41e24485cea50d1cbac27 -> 
  custom:video-encoder-webm-vp8: eb34c28f22e8b96e1ab97ce403110664 -> 
  custom:video-decoder-webm-vp8: 9c59270c3fd7afecdb556c50c9e8de78 -> 
  custom:audio-decoder-ogg-vorbis: bf7c407c2cedff20999df2af8eb42d56 -> 
  custom:audio-encoder-webm-vorbis: bf7c407c2cedff20999df2af8eb42d56 -> 
========================================================================
Received Prepare
Registering precompiled user dll's ...
Registered in 0.004782 seconds.
Begin MonoManager ReloadAssembly
Native extension for WindowsStandalone target not found
Refreshing native plugins compatible for Editor in 0.83 ms, found 3 plugins.
Preloading 0 native plugins for Editor in 0.00 ms.
Mono: successfully reloaded assembly
- Completed reload, in  1.678 seconds
Domain Reload Profiling:
	ReloadAssembly (1679ms)
		BeginReloadAssembly (141ms)
			ExecutionOrderSort (0ms)
			DisableScriptedObjects (9ms)
			BackupInstance (0ms)
			ReleaseScriptingObjects (0ms)
			CreateAndSetChildDomain (40ms)
		EndReloadAssembly (1455ms)
			LoadAssemblies (136ms)
			RebuildTransferFunctionScriptingTraits (0ms)
			SetupTypeCache (428ms)
			ReleaseScriptCaches (2ms)
			RebuildScriptCaches (79ms)
			SetupLoadedEditorAssemblies (620ms)
				LogAssemblyErrors (0ms)
				InitializePlatformSupportModulesInManaged (9ms)
				SetLoadedEditorAssemblies (1ms)
				RefreshPlugins (1ms)
				BeforeProcessingInitializeOnLoad (190ms)
				ProcessInitializeOnLoadAttributes (378ms)
				ProcessInitializeOnLoadMethodAttributes (29ms)
				AfterProcessingInitializeOnLoad (12ms)
				EditorAssembliesLoaded (0ms)
			ExecutionOrderSort2 (0ms)
			AwakeInstancesAfterBackupRestoration (10ms)
Platform modules already initialized, skipping
Refreshing native plugins compatible for Editor in 0.88 ms, found 3 plugins.
Preloading 0 native plugins for Editor in 0.00 ms.
Unloading 2224 Unused Serialized files (Serialized files now loaded: 0)
System memory in use before: 101.2 MB.
System memory in use after: 101.3 MB.

Unloading 20 unused Assets to reduce memory usage. Loaded Objects now: 2730.
Total: 5.512800 ms (FindLiveObjects: 0.388900 ms CreateObjectMapping: 0.123900 ms MarkObjects: 4.704200 ms  DeleteObjects: 0.293800 ms)

AssetImportParameters requested are different than current active one (requested -> active):
  custom:framework-win-MediaFoundation: 216162199b28c13a410421893ffa2e32 -> 
  custom:video-decoder-ogg-theora: a1e56fd34408186e4bbccfd4996cb3dc -> 
  custom:container-muxer-webm: aa71ff27fc2769a1b78a27578f13a17b -> 
  custom:container-demuxer-webm: 4f35f7cbe854078d1ac9338744f61a02 -> 
  custom:container-demuxer-ogg: 62fdf1f143b41e24485cea50d1cbac27 -> 
  custom:video-encoder-webm-vp8: eb34c28f22e8b96e1ab97ce403110664 -> 
  custom:video-decoder-webm-vp8: 9c59270c3fd7afecdb556c50c9e8de78 -> 
  custom:audio-decoder-ogg-vorbis: bf7c407c2cedff20999df2af8eb42d56 -> 
  custom:audio-encoder-webm-vorbis: bf7c407c2cedff20999df2af8eb42d56 -> 
========================================================================
Received Prepare
Registering precompiled user dll's ...
Registered in 0.003030 seconds.
Begin MonoManager ReloadAssembly
Native extension for WindowsStandalone target not found
Refreshing native plugins compatible for Editor in 1.02 ms, found 3 plugins.
Preloading 0 native plugins for Editor in 0.00 ms.
Mono: successfully reloaded assembly
- Completed reload, in  1.369 seconds
Domain Reload Profiling:
	ReloadAssembly (1370ms)
		BeginReloadAssembly (172ms)
			ExecutionOrderSort (0ms)
			DisableScriptedObjects (7ms)
			BackupInstance (0ms)
			ReleaseScriptingObjects (0ms)
			CreateAndSetChildDomain (54ms)
		EndReloadAssembly (1125ms)
			LoadAssemblies (125ms)
			RebuildTransferFunctionScriptingTraits (0ms)
			SetupTypeCache (244ms)
			ReleaseScriptCaches (1ms)
			RebuildScriptCaches (78ms)
			SetupLoadedEditorAssemblies (608ms)
				LogAssemblyErrors (0ms)
				InitializePlatformSupportModulesInManaged (13ms)
				SetLoadedEditorAssemblies (1ms)
				RefreshPlugins (1ms)
				BeforeProcessingInitializeOnLoad (177ms)
				ProcessInitializeOnLoadAttributes (388ms)
				ProcessInitializeOnLoadMethodAttributes (17ms)
				AfterProcessingInitializeOnLoad (10ms)
				EditorAssembliesLoaded (0ms)
			ExecutionOrderSort2 (0ms)
			AwakeInstancesAfterBackupRestoration (9ms)
Platform modules already initialized, skipping
Refreshing native plugins compatible for Editor in 0.50 ms, found 3 plugins.
Preloading 0 native plugins for Editor in 0.00 ms.
Unloading 2224 Unused Serialized files (Serialized files now loaded: 0)
System memory in use before: 101.3 MB.
System memory in use after: 101.4 MB.

Unloading 20 unused Assets to reduce memory usage. Loaded Objects now: 2733.
Total: 3.283600 ms (FindLiveObjects: 0.142700 ms CreateObjectMapping: 0.071100 ms MarkObjects: 2.954800 ms  DeleteObjects: 0.114100 ms)

AssetImportParameters requested are different than current active one (requested -> active):
  custom:framework-win-MediaFoundation: 216162199b28c13a410421893ffa2e32 -> 
  custom:video-decoder-ogg-theora: a1e56fd34408186e4bbccfd4996cb3dc -> 
  custom:container-muxer-webm: aa71ff27fc2769a1b78a27578f13a17b -> 
  custom:container-demuxer-webm: 4f35f7cbe854078d1ac9338744f61a02 -> 
  custom:container-demuxer-ogg: 62fdf1f143b41e24485cea50d1cbac27 -> 
  custom:video-encoder-webm-vp8: eb34c28f22e8b96e1ab97ce403110664 -> 
  custom:video-decoder-webm-vp8: 9c59270c3fd7afecdb556c50c9e8de78 -> 
  custom:audio-decoder-ogg-vorbis: bf7c407c2cedff20999df2af8eb42d56 -> 
  custom:audio-encoder-webm-vorbis: bf7c407c2cedff20999df2af8eb42d56 -> 
AssetImportWorkerClient::OnTransportError - code=2 error=End of file
